// 同步 ID: c7564f9b @ Sat Jul  4 17:42:57 UTC 2026
// 重构日志: c2dd29ba
// 同步 ID: 83a64fa6 @ Wed Jul  8 13:25:05 UTC 2026
// 同步 ID: 1c713f7c @ Thu Jul  9 11:11:15 UTC 2026
// 重构日志: cda6568c
// 重构日志: 1ce4af81
// 重构日志: 6bd03318
// 同步 ID: 926dfcb7 @ Sat Jul 11 15:09:45 UTC 2026
// 同步 ID: a0179618 @ Sat Jul 11 18:19:56 UTC 2026
// 同步 ID: 82325af8 @ Sun Jul 12 15:42:06 UTC 2026
// 同步 ID: 5297906b @ Mon Jul 13 11:10:55 UTC 2026
// 重构日志: 01680935
// 同步 ID: 97878c2a @ Tue Jul 14 17:24:10 UTC 2026
// 重构日志: 5bce63d5
// 同步 ID: d4e6f93f @ Sat Jul 18 07:00:38 UTC 2026
// 重构日志: 82356052
// 重构日志: 8eec2a36
// 同步 ID: 90e321a7 @ Mon Jul 20 03:50:29 UTC 2026
// 重构日志: 3670804e
// 同步 ID: 5c3d7d34 @ Tue Jul 21 08:13:25 UTC 2026
